DEBUG:root:Connecting to PostgreSQL
DEBUG:root:Database connection established.
ERROR:root:FIXME Unimplemented - put('list','A sequence of things created by []')
INFO:root:Constructing parser
DEBUG:root:Constructing put subparser
DEBUG:root:Constructing get subparser
DEBUG:root:Constructing delete parser
DEBUG:root:Constructing update parser
DEBUG:root:Connecting to PostgreSQL
DEBUG:root:Database connection established.
INFO:root:Storing snippet ('list','A sequence of things created by []')
DEBUG:root:Connecting to PostgreSQL
DEBUG:root:Database connection established.
INFO:root:Constructing parser
DEBUG:root:Constructing put subparser
DEBUG:root:Constructing get subparser
DEBUG:root:Constructing delete parser
DEBUG:root:Constructing update parser
INFO:root:Storing snippet ('Test','This is a test snippet')
DEBUG:root:Connecting to PostgreSQL
DEBUG:root:Database connection established.
INFO:root:Constructing parser
DEBUG:root:Constructing put subparser
DEBUG:root:Constructing get subparser
DEBUG:root:Constructing delete parser
DEBUG:root:Constructing update parser
INFO:root:Storing snippet ('Test','This is a test snippet')
DEBUG:root:Connecting to PostgreSQL
DEBUG:root:Database connection established.
INFO:root:Constructing parser
DEBUG:root:Constructing put subparser
DEBUG:root:Constructing get subparser
DEBUG:root:Constructing delete parser
DEBUG:root:Constructing update parser
INFO:root:Storing snippet ('Test','This is a test snippet')
DEBUG:root:Connecting to PostgreSQL
DEBUG:root:Database connection established.
DEBUG:root:Connecting to PostgreSQL
DEBUG:root:Database connection established.
DEBUG:root:Connecting to PostgreSQL
DEBUG:root:Database connection established.
INFO:root:Constructing parser
DEBUG:root:Constructing put subparser
DEBUG:root:Constructing get subparser
DEBUG:root:Constructing delete parser
DEBUG:root:Constructing update parser
INFO:root:Storing snippet ('Test','This is a test snippet')
DEBUG:root:Connecting to PostgreSQL
DEBUG:root:Database connection established.
INFO:root:Constructing parser
DEBUG:root:Constructing put subparser
DEBUG:root:Constructing get subparser
DEBUG:root:Constructing delete parser
DEBUG:root:Constructing update parser
INFO:root:Storing snippet ('Test','This is a test snippet')
DEBUG:root:Snippet stored successfully.
DEBUG:root:Connecting to PostgreSQL
DEBUG:root:Database connection established.
INFO:root:Constructing parser
DEBUG:root:Constructing put subparser
DEBUG:root:Constructing get subparser
DEBUG:root:Constructing delete parser
DEBUG:root:Constructing update parser
INFO:root:Retrieving snippet 'Tester'
DEBUG:root:Connecting to PostgreSQL
DEBUG:root:Database connection established.
INFO:root:Constructing parser
DEBUG:root:Constructing put subparser
DEBUG:root:Constructing get subparser
DEBUG:root:Constructing delete parser
DEBUG:root:Constructing update parser
INFO:root:Retrieving snippet 'Tester'
DEBUG:root:Connecting to PostgreSQL
DEBUG:root:Database connection established.
INFO:root:Constructing parser
DEBUG:root:Constructing put subparser
DEBUG:root:Constructing get subparser
DEBUG:root:Constructing delete parser
DEBUG:root:Constructing update parser
INFO:root:Retrieving snippet 'Tester'
DEBUG:root:Connecting to PostgreSQL
DEBUG:root:Database connection established.
INFO:root:Constructing parser
DEBUG:root:Constructing put subparser
DEBUG:root:Constructing get subparser
DEBUG:root:Constructing delete parser
DEBUG:root:Constructing update parser
INFO:root:Retrieving snippet 'Tester'
DEBUG:root:Connecting to PostgreSQL
DEBUG:root:Database connection established.
INFO:root:Constructing parser
DEBUG:root:Constructing put subparser
DEBUG:root:Constructing get subparser
DEBUG:root:Constructing delete parser
DEBUG:root:Constructing update parser
INFO:root:Retrieving snippet 'Tester'
DEBUG:root:Connecting to PostgreSQL
DEBUG:root:Database connection established.
INFO:root:Constructing parser
DEBUG:root:Constructing put subparser
DEBUG:root:Constructing get subparser
DEBUG:root:Constructing delete parser
DEBUG:root:Constructing update parser
INFO:root:Retrieving snippet 'Tester'
DEBUG:root:Connecting to PostgreSQL
DEBUG:root:Database connection established.
INFO:root:Constructing parser
DEBUG:root:Constructing put subparser
DEBUG:root:Constructing get subparser
DEBUG:root:Constructing delete parser
DEBUG:root:Constructing update parser
INFO:root:Retrieving snippet 'Tester'
DEBUG:root:Connecting to PostgreSQL
DEBUG:root:Database connection established.
INFO:root:Constructing parser
DEBUG:root:Constructing put subparser
DEBUG:root:Constructing get subparser
DEBUG:root:Constructing delete parser
DEBUG:root:Constructing update parser
INFO:root:Retrieving snippet 'Tester'
DEBUG:root:Connecting to PostgreSQL
DEBUG:root:Database connection established.
INFO:root:Constructing parser
DEBUG:root:Constructing put subparser
DEBUG:root:Constructing get subparser
DEBUG:root:Constructing delete parser
DEBUG:root:Constructing update parser
INFO:root:Retrieving snippet 'Tester'
DEBUG:root:Connecting to PostgreSQL
DEBUG:root:Database connection established.
INFO:root:Constructing parser
DEBUG:root:Constructing put subparser
DEBUG:root:Constructing get subparser
DEBUG:root:Constructing delete parser
DEBUG:root:Constructing update parser
INFO:root:Retrieving snippet 'Tester'
DEBUG:root:Connecting to PostgreSQL
DEBUG:root:Database connection established.
INFO:root:Constructing parser
DEBUG:root:Constructing put subparser
DEBUG:root:Constructing get subparser
DEBUG:root:Constructing delete parser
DEBUG:root:Constructing update parser
INFO:root:Retrieving snippet 'Tester'
DEBUG:root:Connecting to PostgreSQL
DEBUG:root:Database connection established.
INFO:root:Constructing parser
DEBUG:root:Constructing put subparser
DEBUG:root:Constructing get subparser
DEBUG:root:Constructing delete parser
DEBUG:root:Constructing update parser
INFO:root:Retrieving snippet 'Tester'
DEBUG:root:Retrieved snippet successfully.
DEBUG:root:Connecting to PostgreSQL
DEBUG:root:Database connection established.
INFO:root:Constructing parser
DEBUG:root:Constructing put subparser
DEBUG:root:Constructing get subparser
DEBUG:root:Constructing delete parser
DEBUG:root:Constructing update parser
INFO:root:Retrieving snippet 'Tester'
DEBUG:root:Retrieved snippet successfully.
DEBUG:root:Connecting to PostgreSQL
DEBUG:root:Database connection established.
INFO:root:Constructing parser
DEBUG:root:Constructing put subparser
DEBUG:root:Constructing get subparser
DEBUG:root:Constructing delete parser
DEBUG:root:Constructing update parser
INFO:root:Retrieving snippet 'Tester'
DEBUG:root:Retrieved snippet successfully.
DEBUG:root:Connecting to PostgreSQL
DEBUG:root:Database connection established.
INFO:root:Constructing parser
DEBUG:root:Constructing put subparser
DEBUG:root:Constructing get subparser
DEBUG:root:Constructing delete parser
DEBUG:root:Constructing update parser
INFO:root:Retrieving snippet 'Tester'
DEBUG:root:Retrieved snippet successfully.
DEBUG:root:Connecting to PostgreSQL
DEBUG:root:Database connection established.
INFO:root:Constructing parser
DEBUG:root:Constructing put subparser
DEBUG:root:Constructing get subparser
DEBUG:root:Constructing delete parser
DEBUG:root:Constructing update parser
INFO:root:Retrieving snippet 'Tester'
DEBUG:root:Retrieved snippet successfully.
DEBUG:root:Connecting to PostgreSQL
DEBUG:root:Database connection established.
INFO:root:Constructing parser
DEBUG:root:Constructing put subparser
DEBUG:root:Constructing get subparser
DEBUG:root:Constructing delete parser
DEBUG:root:Constructing update parser
INFO:root:Retrieving snippet 'Tester'
DEBUG:root:Retrieved snippet successfully.
DEBUG:root:Connecting to PostgreSQL
DEBUG:root:Database connection established.
INFO:root:Constructing parser
DEBUG:root:Constructing put subparser
DEBUG:root:Constructing get subparser
DEBUG:root:Constructing delete parser
DEBUG:root:Constructing update parser
INFO:root:Retrieving snippet 'Tester'
DEBUG:root:Retrieved snippet successfully.
DEBUG:root:Connecting to PostgreSQL
DEBUG:root:Database connection established.
INFO:root:Constructing parser
DEBUG:root:Constructing put subparser
DEBUG:root:Constructing get subparser
DEBUG:root:Constructing delete parser
DEBUG:root:Constructing update parser
INFO:root:Retrieving snippet 'Tester'
DEBUG:root:Retrieved snippet successfully.
DEBUG:root:Connecting to PostgreSQL
DEBUG:root:Database connection established.
INFO:root:Constructing parser
DEBUG:root:Constructing put subparser
DEBUG:root:Constructing get subparser
DEBUG:root:Constructing delete parser
DEBUG:root:Constructing update parser
INFO:root:Retrieving snippet 'Tester'
DEBUG:root:Retrieved snippet successfully.
DEBUG:root:Connecting to PostgreSQL
DEBUG:root:Database connection established.
INFO:root:Constructing parser
DEBUG:root:Constructing put subparser
DEBUG:root:Constructing get subparser
DEBUG:root:Constructing delete parser
DEBUG:root:Constructing update parser
INFO:root:Retrieving snippet 'Tester'
DEBUG:root:Retrieved snippet successfully.
DEBUG:root:Connecting to PostgreSQL
DEBUG:root:Database connection established.
INFO:root:Constructing parser
DEBUG:root:Constructing put subparser
DEBUG:root:Constructing get subparser
DEBUG:root:Constructing delete parser
DEBUG:root:Constructing update parser
INFO:root:Storing snippet ('Test4','This is test 4')
DEBUG:root:Snippet stored successfully.
DEBUG:root:Connecting to PostgreSQL
DEBUG:root:Database connection established.
INFO:root:Constructing parser
DEBUG:root:Constructing put subparser
DEBUG:root:Constructing get subparser
DEBUG:root:Constructing delete parser
DEBUG:root:Constructing update parser
INFO:root:Retrieving snippet 'Test4'
DEBUG:root:Retrieved snippet successfully.
DEBUG:root:Connecting to PostgreSQL
DEBUG:root:Database connection established.
INFO:root:Constructing parser
DEBUG:root:Constructing put subparser
DEBUG:root:Constructing get subparser
DEBUG:root:Constructing delete parser
DEBUG:root:Constructing update parser
INFO:root:Retrieving snippet 'Stront'
DEBUG:root:Retrieved snippet successfully.
DEBUG:root:Connecting to PostgreSQL
DEBUG:root:Database connection established.
INFO:root:Constructing parser
DEBUG:root:Constructing put subparser
DEBUG:root:Constructing get subparser
DEBUG:root:Constructing delete parser
DEBUG:root:Constructing update parser
INFO:root:Retrieving snippet 'Stront'
DEBUG:root:Retrieved snippet successfully.
DEBUG:root:Connecting to PostgreSQL
DEBUG:root:Database connection established.
INFO:root:Constructing parser
DEBUG:root:Constructing put subparser
DEBUG:root:Constructing get subparser
DEBUG:root:Constructing delete parser
DEBUG:root:Constructing update parser
INFO:root:Retrieving snippet 'Stront'
DEBUG:root:Retrieved snippet successfully.
DEBUG:root:Connecting to PostgreSQL
DEBUG:root:Database connection established.
INFO:root:Constructing parser
DEBUG:root:Constructing put subparser
DEBUG:root:Constructing get subparser
DEBUG:root:Constructing delete parser
DEBUG:root:Constructing update parser
INFO:root:Retrieving snippet 'Stront'
DEBUG:root:Retrieved snippet successfully.
DEBUG:root:Connecting to PostgreSQL
DEBUG:root:Database connection established.
INFO:root:Constructing parser
DEBUG:root:Constructing put subparser
DEBUG:root:Constructing get subparser
DEBUG:root:Constructing delete parser
DEBUG:root:Constructing update parser
INFO:root:Retrieving snippet 'Tester'
DEBUG:root:Retrieved snippet successfully.
DEBUG:root:Connecting to PostgreSQL
DEBUG:root:Database connection established.
INFO:root:Constructing parser
DEBUG:root:Constructing put subparser
DEBUG:root:Constructing get subparser
DEBUG:root:Constructing delete parser
DEBUG:root:Constructing update parser
INFO:root:Retrieving snippet 'Tester'
DEBUG:root:Retrieved snippet successfully.
DEBUG:root:Connecting to PostgreSQL
DEBUG:root:Database connection established.
INFO:root:Constructing parser
DEBUG:root:Constructing put subparser
DEBUG:root:Constructing get subparser
DEBUG:root:Constructing delete parser
DEBUG:root:Constructing update parser
INFO:root:Retrieving snippet 'Stront'
DEBUG:root:Retrieved snippet successfully.
DEBUG:root:Connecting to PostgreSQL
DEBUG:root:Database connection established.
INFO:root:Constructing parser
DEBUG:root:Constructing put subparser
DEBUG:root:Constructing get subparser
DEBUG:root:Constructing delete parser
DEBUG:root:Constructing update parser
INFO:root:Retrieving snippet 'Tester'
DEBUG:root:Retrieved snippet successfully.
DEBUG:root:Connecting to PostgreSQL
DEBUG:root:Database connection established.
INFO:root:Constructing parser
DEBUG:root:Constructing put subparser
DEBUG:root:Constructing get subparser
DEBUG:root:Constructing delete parser
DEBUG:root:Constructing update parser
INFO:root:Retrieving snippet 'Tester'
DEBUG:root:Retrieved snippet successfully.
DEBUG:root:Connecting to PostgreSQL
DEBUG:root:Database connection established.
INFO:root:Constructing parser
DEBUG:root:Constructing put subparser
DEBUG:root:Constructing get subparser
DEBUG:root:Constructing delete parser
DEBUG:root:Constructing update parser
INFO:root:Retrieving snippet 'Stront'
DEBUG:root:Retrieved snippet successfully.
DEBUG:root:Connecting to PostgreSQL
DEBUG:root:Database connection established.
INFO:root:Constructing parser
DEBUG:root:Constructing put subparser
DEBUG:root:Constructing get subparser
DEBUG:root:Constructing delete parser
DEBUG:root:Constructing update parser
INFO:root:Retrieving snippet 'Stront'
DEBUG:root:Retrieved snippet successfully.
DEBUG:root:Connecting to PostgreSQL
DEBUG:root:Database connection established.
INFO:root:Constructing parser
DEBUG:root:Constructing put subparser
DEBUG:root:Constructing get subparser
DEBUG:root:Constructing delete parser
DEBUG:root:Constructing update parser
INFO:root:Retrieving snippet 'Stront'
DEBUG:root:Retrieved snippet successfully.
DEBUG:root:Connecting to PostgreSQL
DEBUG:root:Database connection established.
INFO:root:Constructing parser
DEBUG:root:Constructing put subparser
DEBUG:root:Constructing get subparser
DEBUG:root:Constructing delete parser
DEBUG:root:Constructing update parser
INFO:root:Storing snippet ('Test4','This is test 4')
DEBUG:root:Connecting to PostgreSQL
DEBUG:root:Database connection established.
INFO:root:Constructing parser
DEBUG:root:Constructing put subparser
DEBUG:root:Constructing get subparser
DEBUG:root:Constructing delete parser
DEBUG:root:Constructing update parser
INFO:root:Storing snippet ('Test4','This is test 4')
DEBUG:root:Snippet stored successfully.
DEBUG:root:Connecting to PostgreSQL
DEBUG:root:Database connection established.
INFO:root:Constructing parser
DEBUG:root:Constructing put subparser
DEBUG:root:Constructing get subparser
DEBUG:root:Constructing delete parser
DEBUG:root:Constructing update parser
INFO:root:Storing snippet ('Test4','This is test four')
DEBUG:root:Snippet stored successfully.
